PROGRESS: 5% | Starting Traffic Analysis for Date: 20260716 (Mode: peak, PCE: S=1.0/L=1.5/T=2.0)
Runtime Log File: C:\Users\Owner\Desktop\VD_Traffic_Converter\logs\run_20260716_20260721_132421.log
Date type: Weekday Peak (07-09 Morning, 17-19 Evening)
PROGRESS: 10% | Loading target link IDs configuration...
Loaded 24 target LinkIDs.
PROGRESS: 12% | Downloading XML files (20/240)...
PROGRESS: 15% | Downloading XML files (40/240)...
PROGRESS: 18% | Downloading XML files (60/240)...
PROGRESS: 21% | Downloading XML files (80/240)...
PROGRESS: 24% | Downloading XML files (100/240)...
PROGRESS: 27% | Downloading XML files (120/240)...
PROGRESS: 30% | Downloading XML files (140/240)...
PROGRESS: 33% | Downloading XML files (160/240)...
PROGRESS: 36% | Downloading XML files (180/240)...
PROGRESS: 39% | Downloading XML files (200/240)...
PROGRESS: 42% | Downloading XML files (220/240)...
PROGRESS: 45% | Downloading XML files (240/240)...
Processing 242 XML.GZ files...
PROGRESS: 50% | Parsing 242 XML data files...
PROGRESS: 53% | Parsing XML records (30/242)...
PROGRESS: 57% | Parsing XML records (60/242)...
PROGRESS: 61% | Parsing XML records (90/242)...
PROGRESS: 64% | Parsing XML records (120/242)...
PROGRESS: 68% | Parsing XML records (150/242)...
PROGRESS: 72% | Parsing XML records (180/242)...
PROGRESS: 76% | Parsing XML records (210/242)...
PROGRESS: 79% | Parsing XML records (240/242)...
PROGRESS: 80% | Parsing XML records (242/242)...
PROGRESS: 85% | Backing up existing files & formatting Excel sheets...
[Backup] Existing file backed up to: C:\Users\Owner\Desktop\VD_Traffic_Converter\backup\VD_traffic_report_20260716_20260721_132539.xlsx
PROGRESS: 95% | Saving Excel workbook to disk...
Report successfully saved to C:\Users\Owner\Desktop\VD_Traffic_Converter\output\VD_traffic_report_20260716.xlsx
PROGRESS: 100% | Execution completed successfully!
Script finished successfully!
