PROGRESS: 5% | Starting Traffic Analysis for Date: 20260720 (Mode: fullday, PCE: S=1.0/L=1.8/T=2.5)
Runtime Log File: C:\Users\Owner\Desktop\VD_Traffic_Converter\logs\run_20260720_20260721_143753.log
Date type: Full Day (00:00 - 24:00, 24 Hours)
PROGRESS: 10% | Loading target link IDs configuration...
Loaded 24 target LinkIDs.
PROGRESS: 10% | Downloading XML files (20/1440)...
PROGRESS: 10% | Downloading XML files (40/1440)...
PROGRESS: 11% | Downloading XML files (60/1440)...
PROGRESS: 11% | Downloading XML files (80/1440)...
PROGRESS: 12% | Downloading XML files (100/1440)...
PROGRESS: 12% | Downloading XML files (120/1440)...
PROGRESS: 13% | Downloading XML files (140/1440)...
PROGRESS: 13% | Downloading XML files (160/1440)...
PROGRESS: 14% | Downloading XML files (180/1440)...
PROGRESS: 14% | Downloading XML files (200/1440)...
PROGRESS: 15% | Downloading XML files (220/1440)...
PROGRESS: 15% | Downloading XML files (240/1440)...
PROGRESS: 16% | Downloading XML files (260/1440)...
PROGRESS: 16% | Downloading XML files (280/1440)...
PROGRESS: 17% | Downloading XML files (300/1440)...
PROGRESS: 17% | Downloading XML files (320/1440)...
PROGRESS: 18% | Downloading XML files (340/1440)...
PROGRESS: 18% | Downloading XML files (360/1440)...
PROGRESS: 19% | Downloading XML files (380/1440)...
PROGRESS: 19% | Downloading XML files (400/1440)...
PROGRESS: 20% | Downloading XML files (420/1440)...
PROGRESS: 20% | Downloading XML files (440/1440)...
PROGRESS: 21% | Downloading XML files (460/1440)...
PROGRESS: 21% | Downloading XML files (480/1440)...
PROGRESS: 22% | Downloading XML files (500/1440)...
PROGRESS: 22% | Downloading XML files (520/1440)...
PROGRESS: 23% | Downloading XML files (540/1440)...
PROGRESS: 23% | Downloading XML files (560/1440)...
PROGRESS: 24% | Downloading XML files (580/1440)...
PROGRESS: 24% | Downloading XML files (600/1440)...
PROGRESS: 25% | Downloading XML files (620/1440)...
PROGRESS: 25% | Downloading XML files (640/1440)...
PROGRESS: 26% | Downloading XML files (660/1440)...
PROGRESS: 26% | Downloading XML files (680/1440)...
PROGRESS: 27% | Downloading XML files (700/1440)...
PROGRESS: 27% | Downloading XML files (720/1440)...
PROGRESS: 27% | Downloading XML files (740/1440)...
PROGRESS: 28% | Downloading XML files (760/1440)...
PROGRESS: 28% | Downloading XML files (780/1440)...
PROGRESS: 29% | Downloading XML files (800/1440)...
PROGRESS: 29% | Downloading XML files (820/1440)...
PROGRESS: 30% | Downloading XML files (840/1440)...
PROGRESS: 30% | Downloading XML files (860/1440)...
PROGRESS: 31% | Downloading XML files (880/1440)...
PROGRESS: 31% | Downloading XML files (900/1440)...
PROGRESS: 32% | Downloading XML files (920/1440)...
PROGRESS: 32% | Downloading XML files (940/1440)...
PROGRESS: 33% | Downloading XML files (960/1440)...
PROGRESS: 33% | Downloading XML files (980/1440)...
PROGRESS: 34% | Downloading XML files (1000/1440)...
PROGRESS: 34% | Downloading XML files (1020/1440)...
PROGRESS: 35% | Downloading XML files (1040/1440)...
PROGRESS: 35% | Downloading XML files (1060/1440)...
PROGRESS: 36% | Downloading XML files (1080/1440)...
PROGRESS: 36% | Downloading XML files (1100/1440)...
PROGRESS: 37% | Downloading XML files (1120/1440)...
PROGRESS: 37% | Downloading XML files (1140/1440)...
PROGRESS: 38% | Downloading XML files (1160/1440)...
PROGRESS: 38% | Downloading XML files (1180/1440)...
PROGRESS: 39% | Downloading XML files (1200/1440)...
PROGRESS: 39% | Downloading XML files (1220/1440)...
PROGRESS: 40% | Downloading XML files (1240/1440)...
PROGRESS: 40% | Downloading XML files (1260/1440)...
PROGRESS: 41% | Downloading XML files (1280/1440)...
PROGRESS: 41% | Downloading XML files (1300/1440)...
PROGRESS: 42% | Downloading XML files (1320/1440)...
PROGRESS: 42% | Downloading XML files (1340/1440)...
PROGRESS: 43% | Downloading XML files (1360/1440)...
PROGRESS: 43% | Downloading XML files (1380/1440)...
PROGRESS: 44% | Downloading XML files (1400/1440)...
PROGRESS: 44% | Downloading XML files (1420/1440)...
PROGRESS: 45% | Downloading XML files (1440/1440)...
Processing 1440 XML.GZ files...
PROGRESS: 50% | Parsing 1440 XML data files...
PROGRESS: 50% | Parsing XML records (30/1440)...
PROGRESS: 51% | Parsing XML records (60/1440)...
PROGRESS: 51% | Parsing XML records (90/1440)...
PROGRESS: 52% | Parsing XML records (120/1440)...
PROGRESS: 53% | Parsing XML records (150/1440)...
PROGRESS: 53% | Parsing XML records (180/1440)...
PROGRESS: 54% | Parsing XML records (210/1440)...
PROGRESS: 55% | Parsing XML records (240/1440)...
PROGRESS: 55% | Parsing XML records (270/1440)...
PROGRESS: 56% | Parsing XML records (300/1440)...
PROGRESS: 56% | Parsing XML records (330/1440)...
PROGRESS: 57% | Parsing XML records (360/1440)...
PROGRESS: 58% | Parsing XML records (390/1440)...
PROGRESS: 58% | Parsing XML records (420/1440)...
PROGRESS: 59% | Parsing XML records (450/1440)...
PROGRESS: 60% | Parsing XML records (480/1440)...
PROGRESS: 60% | Parsing XML records (510/1440)...
PROGRESS: 61% | Parsing XML records (540/1440)...
PROGRESS: 61% | Parsing XML records (570/1440)...
PROGRESS: 62% | Parsing XML records (600/1440)...
PROGRESS: 63% | Parsing XML records (630/1440)...
PROGRESS: 63% | Parsing XML records (660/1440)...
PROGRESS: 64% | Parsing XML records (690/1440)...
PROGRESS: 65% | Parsing XML records (720/1440)...
PROGRESS: 65% | Parsing XML records (750/1440)...
PROGRESS: 66% | Parsing XML records (780/1440)...
PROGRESS: 66% | Parsing XML records (810/1440)...
PROGRESS: 67% | Parsing XML records (840/1440)...
PROGRESS: 68% | Parsing XML records (870/1440)...
PROGRESS: 68% | Parsing XML records (900/1440)...
PROGRESS: 69% | Parsing XML records (930/1440)...
PROGRESS: 70% | Parsing XML records (960/1440)...
PROGRESS: 70% | Parsing XML records (990/1440)...
PROGRESS: 71% | Parsing XML records (1020/1440)...
PROGRESS: 71% | Parsing XML records (1050/1440)...
PROGRESS: 72% | Parsing XML records (1080/1440)...
PROGRESS: 73% | Parsing XML records (1110/1440)...
PROGRESS: 73% | Parsing XML records (1140/1440)...
PROGRESS: 74% | Parsing XML records (1170/1440)...
PROGRESS: 75% | Parsing XML records (1200/1440)...
PROGRESS: 75% | Parsing XML records (1230/1440)...
PROGRESS: 76% | Parsing XML records (1260/1440)...
PROGRESS: 76% | Parsing XML records (1290/1440)...
PROGRESS: 77% | Parsing XML records (1320/1440)...
PROGRESS: 78% | Parsing XML records (1350/1440)...
PROGRESS: 78% | Parsing XML records (1380/1440)...
PROGRESS: 79% | Parsing XML records (1410/1440)...
PROGRESS: 80% | Parsing XML records (1440/1440)...
PROGRESS: 85% | Backing up existing files & formatting Excel sheets...
PROGRESS: 95% | Saving Excel workbook to disk...
Report successfully saved to C:\Users\Owner\Desktop\VD_Traffic_Converter\output\VD_traffic_report_202607201446.xlsx
PROGRESS: 100% | Execution completed successfully!
